<?xml version="1.0" encoding="UTF-8"?>
<!-- Generated by org.testng.reporters.JUnitReportReporter -->
<testsuite hostname="DESKTOP-DJAOCVR" failures="0" tests="1" name="testCases.TC_002_ProductSearchByName" time="3.350" errors="0" timestamp="2024-03-11T14:56:36 IST" skipped="0">
  <testcase classname="testCases.TC_002_ProductSearchByName" name="productSearchByName" time="3.350"/>
  <system-out/>
</testsuite> <!-- testCases.TC_002_ProductSearchByName -->
