<?xml version="1.0" encoding="UTF-8"?>
<!-- Generated by org.testng.reporters.JUnitReportReporter -->
<testsuite hostname="DESKTOP-DJAOCVR" failures="0" tests="2" name="assigment_SEIT.Selenium_Framework.Test.TestCases" time="20.895" errors="0" timestamp="2024-02-20T01:07:51 IST" skipped="0">
  <testcase classname="assigment_SEIT.Selenium_Framework.Test.TestCases" name="productSearchByName" time="7.096"/>
  <testcase classname="assigment_SEIT.Selenium_Framework.Test.TestCases" name="porductSearchByMultipleFilters" time="13.799"/>
</testsuite> <!-- assigment_SEIT.Selenium_Framework.Test.TestCases -->
