<?xml version="1.0" encoding="UTF-8"?>
<!-- Generated by org.testng.reporters.JUnitReportReporter -->
<testsuite hostname="DESKTOP-DJAOCVR" failures="0" tests="2" name="com_example_ebay.ebay_test_framework.Test.EbayTestScenarios" time="21.942" errors="0" timestamp="2024-02-20T15:21:23 IST" skipped="0">
  <testcase classname="com_example_ebay.ebay_test_framework.Test.EbayTestScenarios" name="porductSearchByMultipleFilters" time="15.471"/>
  <testcase classname="com_example_ebay.ebay_test_framework.Test.EbayTestScenarios" name="productSearchByName" time="6.471"/>
</testsuite> <!-- com_example_ebay.ebay_test_framework.Test.EbayTestScenarios -->
