<?xml version="1.0" encoding="UTF-8"?>
<!-- Generated by org.testng.reporters.JUnitReportReporter -->
<testsuite hostname="DESKTOP-DJAOCVR" failures="0" tests="1" name="assigment_SEIT.Selenium_Framework.Test.EbayTestScenarios" time="9.044" errors="0" timestamp="2024-02-20T09:05:07 IST" skipped="0">
  <testcase classname="assigment_SEIT.Selenium_Framework.Test.EbayTestScenarios" name="productSearchByName" time="9.044"/>
</testsuite> <!-- assigment_SEIT.Selenium_Framework.Test.EbayTestScenarios -->
