<?xml version="1.0" encoding="UTF-8"?>
<!-- Generated by org.testng.reporters.JUnitReportReporter -->
<testsuite hostname="DESKTOP-DJAOCVR" failures="0" tests="4" name="testCases.TC_002_ProductSearchByName" time="20.021" errors="0" timestamp="2024-03-11T15:51:41 IST" skipped="0">
  <testcase classname="testCases.TC_002_ProductSearchByName" name="productSearchByName" time="4.297"/>
  <testcase classname="testCases.TC_002_ProductSearchByName" name="productSearchByName" time="4.693"/>
  <testcase classname="testCases.TC_002_ProductSearchByName" name="productSearchByName" time="5.026"/>
  <testcase classname="testCases.TC_002_ProductSearchByName" name="productSearchByName" time="6.005"/>
</testsuite> <!-- testCases.TC_002_ProductSearchByName -->
