<?xml version="1.0" encoding="UTF-8"?>
<!-- Generated by org.testng.reporters.JUnitReportReporter -->
<testsuite hostname="DESKTOP-DJAOCVR" failures="0" tests="4" name="testCases.TC_001_ProductSearchByMultipleFilters" time="52.811" errors="0" timestamp="2024-03-11T15:51:41 IST" skipped="0">
  <testcase classname="testCases.TC_001_ProductSearchByMultipleFilters" name="productSearchByMultipleFilters" time="12.733"/>
  <testcase classname="testCases.TC_001_ProductSearchByMultipleFilters" name="productSearchByMultipleFilters" time="13.303"/>
  <testcase classname="testCases.TC_001_ProductSearchByMultipleFilters" name="productSearchByMultipleFilters" time="13.559"/>
  <testcase classname="testCases.TC_001_ProductSearchByMultipleFilters" name="productSearchByMultipleFilters" time="13.216"/>
</testsuite> <!-- testCases.TC_001_ProductSearchByMultipleFilters -->
